0:100  0:100  MemLog inited, TSC freq: 2200004673
0:100  0:000  CPU was calibrated with ACPI PM Timer
0:100  0:000  
0:100  0:000  Now is 14.8.2018,  11:51:2 (GMT)
0:100  0:000  Starting Clover revision: 4586 on INSYDE Corp. EFI
0:100  0:000  Build with: [Args: -D NO_GRUB_DRIVERS_EMBEDDED -t XCODE8 | -D NO_GRUB_DRIVERS_EMBEDDED -D USE_LOW_EBDA -a X64 -b RELEASE -t XCODE8 -n 5 | OS: 10.13.5 | XCODE: 9.4.1]
0:100  0:000  SelfDevicePath=PciRoot(0x0)\Pci(0x1F,0x2)\Sata(0x0,0x0,0x0)\HD(1,GPT,C94357C8-3EFD-4788-A6E8-479C899B50A9,0x800,0x400000) @8E30A198
0:100  0:000  SelfDirPath = \EFI\Microsoft\Boot
0:100  0:000  === [ Get Smbios ] ========================================
0:100  0:000  Type 16 Index = 0
0:100  0:000  Total Memory Slots Count = 2
0:100  0:000  Type 17 Index = 0
0:100  0:000  SmbiosTable.Type17->Speed = 1600MHz
0:100  0:000  SmbiosTable.Type17->Size = 8192MB
0:100  0:000  SmbiosTable.Type17->Bank/Device = BANK 0 Bottom-Slot 1(left) 
0:100  0:000  SmbiosTable.Type17->Vendor = Samsung
0:100  0:000  SmbiosTable.Type17->SerialNumber = 18592220
0:100  0:000  SmbiosTable.Type17->PartNumber = M471B1G73QH0-YK0  
0:100  0:000  Type 17 Index = 1
0:100  0:000  Ignoring insane frequency value 0MHz
0:100  0:000  SmbiosTable.Type17->Speed = 0MHz
0:100  0:000  SmbiosTable.Type17->Size = 0MB
0:100  0:000  SmbiosTable.Type17->Bank/Device = BANK 2 Bottom-Slot 2(right)
0:100  0:000  SmbiosTable.Type17->Vendor = <null string>
0:100  0:000  SmbiosTable.Type17->SerialNumber = <null string>
0:100  0:000  SmbiosTable.Type17->PartNumber = <null string>
0:100  0:000  Boot status=0
0:100  0:000  Running on: 'HP Pavilion Notebook ' with board '8096'
0:100  0:000  === [ GetCPUProperties ] ==================================
0:100  0:000  CPU Vendor = 756E6547 Model=306D4
0:100  0:000   The CPU supported SSE4.1
0:100  0:000  BrandString = Intel(R) Core(TM) i5-5200U CPU @ 2.20GHz
0:100  0:000   The CPU supported turbo
0:100  0:000  MSR 0x35               20004
0:100  0:000  MSR 0xE2 before patch 1E008406
0:100  0:000  MSR 0xE2 is locked, PM patches will be turned on
0:100  0:000  MSR 0xCE              0005053B_F3011600
0:100  0:000  corrected FLEX_RATIO = 0
0:100  0:000  MSR 0x1B0             00000000
0:100  0:000  FSBFrequency = 114 MHz, DMI FSBFrequency = 100 MHz, Corrected FSBFrequency = 100 MHz
0:100  0:000  MaxDiv/MinDiv: 22.0/5
0:100  0:000  Turbo: 25/25/25/27
0:100  0:000  Features: 0xBFEBFBFF
0:100  0:000  Threads: 4
0:100  0:000  Cores: 2
0:100  0:000  FSB: 100 MHz
0:100  0:000  CPU: 2500 MHz
0:100  0:000  TSC: 2500 MHz
0:100  0:000  PIS: 100 MHz
0:100  0:000  ExternalClock: 25 MHz
0:100  0:000  === [ GetDevices ] ========================================
0:100  0:000  PCI (00|00:00.00) : 8086 1604 class=060000
0:100  0:000  PCI (00|00:02.00) : 8086 1616 class=030000
0:100  0:000   - GFX: Model=Intel HD Graphics 5500 (Intel)
0:100  0:000  PCI (00|00:03.00) : 8086 160C class=040300
0:100  0:000  PCI (00|00:04.00) : 8086 1603 class=118000
0:100  0:000  PCI (00|00:14.00) : 8086 9CB1 class=0C0330
0:100  0:000  PCI (00|00:16.00) : 8086 9CBA class=078000
0:100  0:000  PCI (00|00:16.01) : FFFF FFFF class=FFFFFF
0:100  0:000  PCI (00|00:1B.00) : 8086 9CA0 class=040300
0:100  0:000  PCI (00|00:1C.00) : 8086 9C90 class=060400
0:100  0:000  PCI (00|00:1C.01) : 8086 9C92 class=060400
0:100  0:000  PCI (00|02:00.00) : 10EC 522A class=FF0000
0:100  0:000  PCI (00|00:1C.02) : 8086 9C94 class=060400
0:100  0:000  PCI (00|08:00.00) : 10EC B723 class=028000
0:100  0:000   - WIFI: Vendor=Realtek
0:100  0:000  PCI (00|00:1C.03) : 8086 9C96 class=060400
0:100  0:000  PCI (00|09:00.00) : 10EC 8136 class=020000
0:100  0:000   - LAN: 0 Vendor=Realtek
0:100  0:000  PCI (00|00:1C.04) : 8086 9C98 class=060400
0:100  0:000  PCI (00|0A:00.00) : 10DE 1347 class=030200
0:100  0:000  PCI (00|00:1D.00) : 8086 9CA6 class=0C0320
0:100  0:000  PCI (00|00:1F.00) : 8086 9CC3 class=060100
0:100  0:000  PCI (00|00:1F.02) : 8086 9C83 class=010601
0:100  0:000  PCI (00|00:1F.03) : 8086 9CA2 class=0C0500
0:100  0:000  === [ GetDefaultSettings ] ================================
0:100  0:000  Clover load options size = 136 bytes
0:113  0:013  EFI\CLOVER\WINDOWS.plist not loaded with name from LoadOptions: Not Found
0:120  0:006  EFI\CLOVER\config.plist loaded: Success
0:120  0:000  === [ GetListOfThemes ] ===================================
0:121  0:000  - [00]: BGM
0:131  0:010  - [01]: embedded
0:140  0:009  - [01]: random
0:153  0:012  - [01]: tonymacx86
0:160  0:007  - [02]: CrispyOSX
0:180  0:019  - [03]: HP
0:186  0:005  - [04]: metal
0:193  0:007  - [05]: Retina
0:205  0:011  === [ Found config plists ] ===============================
0:205  0:000  - config.plist
0:205  0:000  === [ GetEarlyUserSettings ] ==============================
0:205  0:000  Custom boot CUSTOM_BOOT_DISABLED (0x0)
0:205  0:000  KextsToPatch: 16 requested
0:205  0:000   - [00]: AppleHDA (Patching 11d41984 with 10ec0290 codec (patched by AppleHDA Patcher.app)) :: BinPatch :: data len: 4
0:205  0:000   - patch disabled at config
0:205  0:000   - [01]: AppleHDA (Zeroing 10ec0885 codec (patched by AppleHDA Patcher.app)) :: BinPatch :: data len: 4
0:205  0:000   - patch disabled at config
0:205  0:000   - [02]: com.apple.driver.AppleBacklight (change F%uT%04x to F%uTxxxx in AppleBacklightInjector.kext (credit RehabMan)) :: BinPatch :: data len: 9
0:205  0:000   - [03]: com.apple.driver.AppleIntelBDWGraphicsFramebuffer (0x16260006,0x16260004/etc, 32MB BIOS, 19MB framebuffer, 9MB cursor bytes (credit RehabMan)) :: BinPatch :: data len: 8
0:205  0:000   - [04]: com.apple.driver.AppleIntelBDWGraphicsFramebuffer (HDMI-audio, port 0105, 0x16060000 0x160e0000 0x16160000 0x161e0000 0x16260000 0x162b0000 0x16220000) :: BinPatch :: data len: 12
0:205  0:000   - patch disabled at config
0:205  0:000   - [05]: com.apple.driver.AppleIntelBDWGraphicsFramebuffer (HDMI-audio, port 0204, 0x16060000 0x160e0000 0x16160000 0x161e0000 0x16260000 0x162b0000 0x16220000) :: BinPatch :: data len: 12
0:205  0:000   - patch disabled at config
0:205  0:000   - [06]: com.apple.driver.AppleIntelBDWGraphicsFramebuffer (HDMI-audio, port 0105, 0x160e0001 0x161e0001) :: BinPatch :: data len: 12
0:205  0:000   - patch disabled at config
0:205  0:000   - [07]: com.apple.driver.AppleIntelBDWGraphicsFramebuffer (HDMI-audio, port 0105, 0x16060002 0x16060002 0x16160002 0x16260002 0x16220002 0x162b0002 0x162b0004 0x16260004 0x16220007 0x162b0008 0x16260008) :: BinPatch :: data len: 12
0:205  0:000   - patch disabled at config
0:205  0:000   - [08]: com.apple.driver.AppleIntelBDWGraphicsFramebuffer (HDMI-audio, port 0204, 0x16060002 0x16060002 0x16160002 0x16260002 0x16220002 0x162b0002 0x162b0004 0x16260004 0x16220007 0x162b0008 0x16260008) :: BinPatch :: data len: 12
0:205  0:000   - patch disabled at config
0:205  0:000   - [09]: com.apple.driver.AppleIntelBDWGraphicsFramebuffer (HDMI-audio, port 0204, 0x16060002 0x16060002 0x16160002 0x16260002 0x16220002 0x162b0002 0x162b0004 0x16260004 0x16220007 0x162b0008 0x16260008) :: MatchOS: 10.11.6,10.12.x :: BinPatch :: data len: 12
0:205  0:000   - patch disabled at config
0:205  0:000   - [10]: com.apple.driver.AppleIntelBDWGraphicsFramebuffer (HDMI-audio, port 0105, 0x16120003 0x16120005 0x16120006 0x16260006) :: BinPatch :: data len: 12
0:205  0:000   - [11]: com.apple.driver.AppleIntelBDWGraphicsFramebuffer (HDMI-audio, port 0204, 0x16120003 0x16120005 0x16120006 0x16260006) :: BinPatch :: data len: 12
0:205  0:000   - patch disabled at config
0:205  0:000   - [12]: com.apple.driver.AppleIntelBDWGraphicsFramebuffer (HDMI-audio, port 0306, 0x16220007) :: BinPatch :: data len: 12
0:205  0:000   - patch disabled at config
0:205  0:000   - [13]: com.apple.driver.AppleIntelBDWGraphicsFramebuffer (HDMI-audio, port 0204, 0x160e0001 0x161e0001 (1 of 2)) :: BinPatch :: data len: 16
0:205  0:000   - patch disabled at config
0:205  0:000   - [14]: com.apple.driver.AppleIntelBDWGraphicsFramebuffer (HDMI-audio, port 0204, 0x160e0001 0x161e0001 (2 of 2)) :: BinPatch :: data len: 14
0:205  0:000   - patch disabled at config
0:205  0:000   - [15]: com.apple.driver.usb.AppleUSBXHCI (disable port limit in XHCI kext (credit PMHeart)) :: MatchOS: 10.14.x :: BinPatch :: data len: 9
0:205  0:000   - patch disabled at config
0:205  0:000  KernelToPatch: 1 requested
0:205  0:000   - [00]: MSR 0xE2 _xcpm_idle instant reboot(c) Pike R. Alpha :: data len: 8
0:205  0:000  Default theme: Retina
0:205  0:000  Hiding entries with string Recovery HD
0:205  0:000  === [ LoadDrivers ] =======================================
0:220  0:014  Loading ApfsDriverLoader-64.efi  status=Success
0:224  0:004   - driver needs connecting
0:224  0:000  Loading AppleImageCodec-64.efi  status=Success
0:224  0:000  Loading AppleKeyAggregator-64.efi  status=Success
0:225  0:000  Loading AppleUITheme-64.efi  status=Success
0:225  0:000  Loading AptioMemoryFix-64.efi  status=Success
0:225  0:000  Loading DataHubDxe-64.efi  status=Success
0:226  0:000  Loading FirmwareVolume-64.efi  status=Success
0:226  0:000  Loading FSInject-64.efi  status=Success
0:226  0:000  Loading PartitionDxe-64.efi  status=Success
0:232  0:005   - driver needs connecting
0:232  0:000  Loading SMCHelper-64.efi  status=Success
0:232  0:000  Loading HFSPlus.efi  status=Success
0:233  0:000   - driver needs connecting
0:233  0:000  3 drivers needs connecting ...
0:233  0:000  PlatformDriverOverrideProtocol not found. Installing ... Success
0:233  0:000  Partition driver loaded: CD disconnect Success
0:233  0:000  HFS+ driver loaded
0:233  0:000  APFS driver loaded
0:233  0:000  Searching for invalid DiskIo BY_DRIVER connects: not found, all ok
0:755  0:522  === [ InitScreen ] ========================================
0:755  0:000  SetMaxResolution: found best mode 0: 1920x1080
0:755  0:000   - already set
0:755  0:000  Console modes reported: 6, available modes:
0:755  0:000   - [01]: 80x25
0:755  0:000   - [02]: 80x50
0:755  0:000   - [03]: 80x25
0:755  0:000   - [04]: 240x56 (current mode)
0:755  0:000   - [05]: 128x40
0:755  0:000   - [06]: 100x31
0:755  0:000  SetScreenResolution: 1920x1080 - already set
0:755  0:000  reinit: self device path=PciRoot(0x0)\Pci(0x1F,0x2)\Sata(0x0,0x0,0x0)\HD(1,GPT,C94357C8-3EFD-4788-A6E8-479C899B50A9,0x800,0x400000)
0:755  0:000  === [ GetMacAddress ] =====================================
0:755  0:000  === [ ScanSPD ] ===========================================
0:755  0:000  SMBus device : 8086 9CA2 class=0C0500 status=Success
0:755  0:000  SMBus CmdReg: 0x3
0:755  0:000  Scanning SMBus [8086:9CA2], mmio: 0xC6222004, ioport: 0x7040, hostc: 0x11
0:755  0:000  Slots to scan [8]...
0:756  0:000  SPD[0]: Type 11 @0x50
0:774  0:018  Not using XMP because it is not present
0:774  0:000  DDR speed 1600MHz
0:774  0:000  Slot: 0 Type 24 8192MB 1600MHz Vendor=Samsung PartNo=M471B1G73QH0-YK0 SerialNo=0102030B0D0E0D01
0:775  0:000  === [ GetAcpiTablesList ] =================================
0:775  0:000  Get Acpi Tables List from RSDT:
0:775  0:000   - [00]: FACP  SLIC-MPC len=268
0:775  0:000   - [01]: UEFI  8096     len=566
0:775  0:000   - [02]: UEFI  8096     len=66
0:775  0:000   - [03]: SSDT  8096     len=27222
0:775  0:000   - [04]: MSDM  SLIC-MPC len=85
0:775  0:000   - [05]: SSDT  8096     len=8955
0:775  0:000   - [06]: ASF!  8096     len=165
0:775  0:000   - [07]: ASPT  8096     len=52
0:775  0:000   - [08]: BOOT  8096     len=40
0:775  0:000   - [09]: DBGP  8096     len=52
0:775  0:000   - [10]: HPET  8096     len=56
0:775  0:000   - [11]: LPIT  8096     len=148
0:775  0:000   - [12]: APIC  8096     len=140
0:775  0:000   - [13]: MCFG  8096     len=60
0:775  0:000   - [14]: SSDT  8096     len=5329
0:775  0:000   - [15]: SSDT  8096     len=1337
0:775  0:000   - [16]: SSDT  8096     len=2932
0:775  0:000   - [17]: SSDT  8096     len=23209
0:775  0:000   - [18]: SSDT  8096     len=916
0:775  0:000   - [19]: PCCT  8096     len=110
0:775  0:000   - [20]: SSDT  8096     len=2756
0:775  0:000   - [21]: SSDT  8096     len=14049
0:775  0:000   - [22]: DMAR  8096     len=176
0:775  0:000   - [23]: FPDT  SLIC-MPC len=68
0:775  0:000   - [24]: BGRT  8096     len=56
0:775  0:000  Calibrated TSC Frequency = 2200004673 = 2200MHz
0:775  0:000  === [ GetUserSettings ] ===================================
0:775  0:000  Add 1 devices:
0:775  0:000  Add 3 properties:
0:775  0:000   - [00]: IntelGFX, len: 10
0:775  0:000   - [01]: HDA, len: 10
0:775  0:000   - [02]: HDA, len: 4
0:775  0:000  USB FixOwnership: yes
0:775  0:000  Dropping 2 tables:
0:775  0:000   - [00]: Drop table  signature="#MCF" (46434D23)
0:775  0:000           - set table: 46434D23,                0 to drop: no
0:775  0:000   - [01]: Drop table  signature="DMAR" (52414D44)
0:775  0:000           - set table: 52414D44,                0 to drop: yes
0:775  0:000   - final DSDT Fix mask=00000000
0:775  0:000  PatchesDSDT: 11 requested
0:775  0:000   - [00]: (change OSID to XSID (to avoid match against _OSI XOSI patch)) lenToFind: 4, lenToReplace: 4, Target Bridge: <null string>
0:775  0:000    patch disabled at config
0:775  0:000   - [01]: (change _OSI to XOSI) lenToFind: 4, lenToReplace: 4, Target Bridge: <null string>
0:775  0:000    patch disabled at config
0:775  0:000   - [02]: (change _DSM to XDSM) lenToFind: 4, lenToReplace: 4, Target Bridge: <null string>
0:775  0:000    patch disabled at config
0:775  0:000   - [03]: (change EC0 to EC) lenToFind: 4, lenToReplace: 4, Target Bridge: <null string>
0:775  0:000   - [04]: (change H_EC to EC) lenToFind: 4, lenToReplace: 4, Target Bridge: <null string>
0:775  0:000    patch disabled at config
0:775  0:000   - [05]: (change EHC1 to EH01) lenToFind: 4, lenToReplace: 4, Target Bridge: <null string>
0:775  0:000   - [06]: (change EHC2 to EH02) lenToFind: 4, lenToReplace: 4, Target Bridge: <null string>
0:775  0:000   - [07]: (change GFX0 to IGPU) lenToFind: 4, lenToReplace: 4, Target Bridge: <null string>
0:775  0:000   - [08]: (change B0D3 to HDAU) lenToFind: 4, lenToReplace: 4, Target Bridge: <null string>
0:775  0:000   - [09]: (change SAT0 to SATA) lenToFind: 4, lenToReplace: 4, Target Bridge: <null string>
0:775  0:000   - [10]: (change XHCI to XHC) lenToFind: 4, lenToReplace: 4, Target Bridge: <null string>
0:775  0:000  Using ProductName from config: MacBookPro12,1
0:775  0:000  Using latest BiosVersion from clover
0:775  0:000  BiosVersion: MBP121.88Z.0176.B00.1804091715
0:775  0:000  BiosReleaseDate: 04/09/2018
0:775  0:000  Using FirmwareFeatures from config: 0xFC0FE137
0:775  0:000  Using FirmwareFeaturesMask from config: 0xFF1FFF3F
0:775  0:000  Board-ID set from config as Mac-E43C1C25D4880AD6
0:775  0:000  BoardType: 0xA
0:775  0:000  ChassisType: 0x9
0:788  0:013  === [ Found DSDT tables ] =================================
0:791  0:002  - DSDT.aml
2:077  1:286  === [ ScanVolumes ] =======================================
2:077  0:000  Found 9 volumes with blockIO
2:077  0:000  - [00]: Volume: PciRoot(0x0)\Pci(0x1F,0x2)\Sata(0x0,0x0,0x0)
2:083  0:005  - [01]: Volume: PciRoot(0x0)\Pci(0x1F,0x2)\Sata(0x0,0x0,0x0)\HD(1,GPT,C94357C8-3EFD-4788-A6E8-479C899B50A9,0x800,0x400000)
2:092  0:008          Result of bootcode detection: bootable Windows (vista,win)
2:097  0:005          This is SelfVolume !!
2:097  0:000  - [02]: Volume: PciRoot(0x0)\Pci(0x1F,0x2)\Sata(0x0,0x0,0x0)\HD(2,GPT,A3D39585-66F5-435B-86A6-BF883B7166B0,0x400800,0x104C5338)
2:104  0:007  - [03]: Volume: PciRoot(0x0)\Pci(0x1F,0x2)\Sata(0x0,0x0,0x0)\HD(3,GPT,343EBFEA-C317-40C7-847B-F156D6CD0A5F,0x108C5B38,0x135F20)
2:115  0:010          hiding this volume
2:115  0:000  - [04]: Volume: PciRoot(0x0)\Pci(0x1F,0x2)\Sata(0x0,0x0,0x0)\HD(4,GPT,EBFF5270-E287-4674-902E-293346A009A1,0x109FC000,0x8000)
2:119  0:003  - [05]: Volume: PciRoot(0x0)\Pci(0x1F,0x2)\Sata(0x0,0x0,0x0)\HD(5,GPT,AC55E455-927F-4940-A93A-F02B775E98E8,0x10A04000,0x85FC000)
2:131  0:011          Result of bootcode detection: bootable Windows (vista,win)
2:131  0:000  - [06]: Volume: PciRoot(0x0)\Pci(0x1F,0x2)\Sata(0x0,0x0,0x0)\HD(6,GPT,8D999A81-A159-450F-832D-B6FA839B03C6,0x19000800,0x19000000)
2:147  0:016          Result of bootcode detection: bootable unknown (legacy)
2:147  0:000  - [07]: Volume: PciRoot(0x0)\Pci(0x1F,0x2)\Sata(0x0,0x0,0x0)\HD(7,GPT,B89FA36B-498B-46C6-B4E2-9D1E962DC416,0x32000800,0x42705800)
2:158  0:011          Result of bootcode detection: bootable Windows (vista,win)
2:158  0:000  - [08]: Volume: PciRoot(0x0)\Pci(0x1F,0x2)\Sata(0x1,0x0,0x0)
2:158  0:000          Found optical drive
2:158  0:000  === [ InitTheme ] =========================================
2:189  0:031  Using theme 'CrispyOSX' (EFI\CLOVER\themes\CrispyOSX)
2:189  0:000  theme CrispyOSX defined in NVRAM found and theme.plist parsed
2:189  0:000  OS main and drive as badge
2:189  0:000  Warning! Character width 9 should be even!
2:199  0:010  Loading font from ThemeDir: Success
2:200  0:000  Chosen theme CrispyOSX
2:200  0:000  after NVRAM boot-args=nv_disable=1 dart=0 kext-dev-mode=1 shikigva=16 -lilubetaall
2:200  0:000  === [ Dump SMC keys from NVRAM ] ==========================
2:200  0:000  found AppleSMC protocol
2:213  0:012  Registered 17 SMC keys
2:213  0:000  === [ AddCustomEntries ] ==================================
2:213  0:000  Custom entry 0 Title:"macOS" Path:"\System\Library\CoreServices\boot.efi" Type:1 Flags:0x6 matching Volume:"A3D39585-66F5-435B-86A6-BF883B7166B0"
2:213  0:000      Checking volume "EFI" (PciRoot(0x0)\Pci(0x1F,0x2)\Sata(0x0,0x0,0x0)\HD(1,GPT,C94357C8-3EFD-4788-A6E8-479C899B50A9,0x800,0x400000)) ... skipped
2:213  0:000      Checking volume "macOS" (PciRoot(0x0)\Pci(0x1F,0x2)\Sata(0x0,0x0,0x0)\HD(2,GPT,A3D39585-66F5-435B-86A6-BF883B7166B0,0x400800,0x104C5338)) ... match!
2:287  0:073      hibernated: set as never
2:288  0:001          [!] Icon 17 (icons\vol_internal_hfs.icns) not found (path: EFI\CLOVER\themes\CrispyOSX)
2:288  0:000  Custom settings: <null string>.plist will  be applied
2:289  0:000      Checking volume "Recovery HD" (PciRoot(0x0)\Pci(0x1F,0x2)\Sata(0x0,0x0,0x0)\HD(3,GPT,343EBFEA-C317-40C7-847B-F156D6CD0A5F,0x108C5B38,0x135F20)) ... skipped because volume is hidden
2:289  0:000  Custom entry 1 Title:"Windows" Path:"\EFI\Microsoft\Boot\bootmgfw.efi" Options:"-s -h" Type:7 Flags:0x0 matching Volume:"FD8D3A80-DB75-4038-BA11-C53E6B500FEB"
2:289  0:000      Checking volume "EFI" (PciRoot(0x0)\Pci(0x1F,0x2)\Sata(0x0,0x0,0x0)\HD(1,GPT,C94357C8-3EFD-4788-A6E8-479C899B50A9,0x800,0x400000)) ... skipped
2:289  0:000      Checking volume "macOS" (PciRoot(0x0)\Pci(0x1F,0x2)\Sata(0x0,0x0,0x0)\HD(2,GPT,A3D39585-66F5-435B-86A6-BF883B7166B0,0x400800,0x104C5338)) ... skipped
2:289  0:000      Checking volume "Recovery HD" (PciRoot(0x0)\Pci(0x1F,0x2)\Sata(0x0,0x0,0x0)\HD(3,GPT,343EBFEA-C317-40C7-847B-F156D6CD0A5F,0x108C5B38,0x135F20)) ... skipped because volume is hidden
2:289  0:000  === [ ScanLoader ] ========================================
2:289  0:000  - [01]: 'EFI'
2:289  0:000          AddLoaderEntry for Volume Name=EFI
2:290  0:001          AddLoaderEntry for Volume Name=EFI
2:290  0:000       skipped because path `PciRoot(0x0)\Pci(0x1F,0x2)\Sata(0x0,0x0,0x0)\HD(1,GPT,C94357C8-3EFD-4788-A6E8-479C899B50A9,0x800,0x400000)\EFI\microsoft\Boot\bootmgfw.efii` is self path!
2:343  0:052          AddLoaderEntry for Volume Name=EFI
2:343  0:000          skipped because entry is hidden
2:343  0:000  - [02]: 'macOS'
2:355  0:012          AddLoaderEntry for Volume Name=macOS
2:355  0:000       skipped because path `PciRoot(0x0)\Pci(0x1F,0x2)\Sata(0x0,0x0,0x0)\HD(2,GPT,A3D39585-66F5-435B-86A6-BF883B7166B0,0x400800,0x104C5338)\System\Library\CoreServices\boot.efii` already exists for another entry!
2:367  0:011  - [03]: 'Recovery HD', hidden
2:367  0:000  === [ AddCustomTool ] =====================================
2:377  0:010  found tool \EFI\CLOVER\tools\Shell64U.efi
2:377  0:000  Checking EFI partition Volume 1 for Clover
2:377  0:000   Found Clover
2:378  0:000  === [ GetEfiBootDeviceFromNvram ] =========================
2:378  0:000   - efi-boot-device-data: PciRoot(0x0)\Pci(0x1F,0x2)\Sata(0x0,0x0,0x0)\HD(2,GPT,A3D39585-66F5-435B-86A6-BF883B7166B0,0x400800,0x104C5338)
2:378  0:000    - Volume: 'PciRoot(0x0)\Pci(0x1F,0x2)\Sata(0x0,0x0,0x0)\HD(2,GPT,A3D39585-66F5-435B-86A6-BF883B7166B0,0x400800,0x104C5338)'
2:378  0:000    - LoaderPath: '<null string>'
2:378  0:000    - Guid = A3D39585-66F5-435B-86A6-BF883B7166B0
2:378  0:000  === [ FindStartupDiskVolume ] =============================
2:378  0:000    - Volume: partition = PciRoot(0x0)\Pci(0x1F,0x2)\Sata(0x0,0x0,0x0)\HD(2,GPT,A3D39585-66F5-435B-86A6-BF883B7166B0,0x400800,0x104C5338)
2:378  0:000     - searching for that partition
2:378  0:000      - found entry 0. 'Boot macOS from macOS', Volume 'macOS'
2:378  0:000  Boot redirected to Entry 0. 'Boot macOS from macOS'
2:378  0:000  DefaultIndex=0 and MainMenu.EntryCount=8
3:052  0:673  GUI ready
7:954  4:902  Found UEFI Acpi 2.0 RSDP at 9CFFD014
7:954  0:000  Saving ACPI tables from RSDP 9CFFD014 to EFI\CLOVER\ACPI\origin ...
7:954  0:000   9CFFD014: 'RSD PTR ', Rev: 2 (Acpi 2.0 or newer), Len: 36 -> RSDP.aml
7:958  0:003    (Xsdt: 9CFC9188, Rsdt: 9CFC90C4)
7:958  0:000    9CFC9188: 'XSDT', 'SLIC-MPC', Rev: 1, Len: 236 -> XSDT.aml
8:001  0:042    9CFC90C4: 'RSDT', 'SLIC-MPC', Rev: 1, Len: 136 -> RSDT.aml
8:043  0:042    Tables in Xsdt: 25
8:043  0:000    0. 9CFEB000: 'FACP', 'SLIC-MPC', Rev: 5, Len: 268 -> FACP.aml
8:075  0:031        (Dsdt: 9CFD7000, Facs: 9CFB8000, XDsdt: 9CFD7000, XFacs: 0)
8:075  0:000        9CFD7000: 'DSDT', '8096', Rev: 2, Len: 63867 -> DSDT.aml
8:123  0:048        9CFB8000: 'FACS', Ver: 2, Len: 64 -> FACS.aml
8:164  0:041    1. 9CFFC000: 'UEFI', '8096', Rev: 1, Len: 566 -> UEFI.aml
8:176  0:011    2. 9CFFB000: 'UEFI', '8096', Rev: 1, Len: 66 -> UEFI.aml
8:194  0:017    3. 9CFF4000: 'SSDT', '8096', Rev: 1, Len: 27222 -> SSDT-0.aml
8:235  0:041    4. 9CFF3000: 'MSDM', 'SLIC-MPC', Rev: 3, Len: 85 -> MSDM.aml
8:309  0:074    5. 9CFF0000: 'SSDT', '8096', Rev: 2, Len: 8955 -> SSDT-1.aml
8:314  0:004    6. 9CFEF000: 'ASF!', '8096', Rev: 32, Len: 165 -> ASF!.aml
8:335  0:020    7. 9CFEE000: 'ASPT', '8096', Rev: 7, Len: 52 -> ASPT.aml
8:360  0:024    8. 9CFED000: 'BOOT', '8096', Rev: 1, Len: 40 -> BOOT.aml
8:417  0:056    9. 9CFEC000: 'DBGP', '8096', Rev: 1, Len: 52 -> DBGP.aml
8:434  0:016    10. 9CFEA000: 'HPET', '8096', Rev: 1, Len: 56 -> HPET.aml
8:462  0:027    11. 9CFE9000: 'LPIT', '8096', Rev: 1, Len: 148 -> LPIT.aml
8:491  0:029    12. 9CFE8000: 'APIC', '8096', Rev: 3, Len: 140 -> APIC.aml
8:506  0:015    13. 9CFE7000: 'MCFG', '8096', Rev: 1, Len: 60 -> MCFG.aml
8:547  0:040    14. 9CFD5000: 'SSDT', '8096', Rev: 2, Len: 5329 -> SSDT-2.aml
8:618  0:071    15. 9CFD4000: 'SSDT', '8096', Rev: 2, Len: 1337 -> SSDT-3.aml
8:649  0:030    16. 9CFD3000: 'SSDT', '8096', Rev: 2, Len: 2932 -> SSDT-4.aml
8:667  0:018    17. 9CFCD000: 'SSDT', '8096', Rev: 2, Len: 23209 -> SSDT-5.aml
8:697  0:029    18. 9CFCC000: 'SSDT', '8096', Rev: 2, Len: 916 -> SSDT-6.aml
8:726  0:029    19. 9CFCB000: 'PCCT', '8096', Rev: 5, Len: 110 -> PCCT.aml
8:742  0:015    20. 9CFCA000: 'SSDT', '8096', Rev: 2, Len: 2756 -> SSDT-7.aml
8:780  0:038    21. 9CFC5000: 'SSDT', '8096', Rev: 1, Len: 14049 -> SSDT-8.aml
8:797  0:017    22. 9CFC4000: 'DMAR', '8096', Rev: 1, Len: 176 -> DMAR.aml
8:837  0:039    23. 9CFC3000: 'FPDT', 'SLIC-MPC', Rev: 1, Len: 68 -> FPDT.aml
8:843  0:006    24. 9CFC2000: 'BGRT', '8096', Rev: 1, Len: 56 -> BGRT.aml
8:852  0:008    Tables in Rsdt: 25
8:852  0:000    0. 9CFEB000: 'FACP', 'SLIC-MPC', Rev: 5, Len: 268
8:852  0:000        (Dsdt: 9CFD7000, Facs: 9CFB8000, XDsdt: 9CFD7000, XFacs: 0)
8:852  0:000        9CFD7000: 'DSDT', '8096', Rev: 2, Len: 63867
8:852  0:000        9CFB8000: 'FACS', Ver: 2, Len: 64
8:852  0:000    1. 9CFFC000: 'UEFI', '8096', Rev: 1, Len: 566
8:852  0:000    2. 9CFFB000: 'UEFI', '8096', Rev: 1, Len: 66
8:852  0:000    3. 9CFF4000: 'SSDT', '8096', Rev: 1, Len: 27222
8:852  0:000    4. 9CFF3000: 'MSDM', 'SLIC-MPC', Rev: 3, Len: 85
8:852  0:000    5. 9CFF0000: 'SSDT', '8096', Rev: 2, Len: 8955
8:852  0:000    6. 9CFEF000: 'ASF!', '8096', Rev: 32, Len: 165
8:852  0:000    7. 9CFEE000: 'ASPT', '8096', Rev: 7, Len: 52
8:852  0:000    8. 9CFED000: 'BOOT', '8096', Rev: 1, Len: 40
8:852  0:000    9. 9CFEC000: 'DBGP', '8096', Rev: 1, Len: 52
8:852  0:000    10. 9CFEA000: 'HPET', '8096', Rev: 1, Len: 56
8:852  0:000    11. 9CFE9000: 'LPIT', '8096', Rev: 1, Len: 148
8:852  0:000    12. 9CFE8000: 'APIC', '8096', Rev: 3, Len: 140
8:852  0:000    13. 9CFE7000: 'MCFG', '8096', Rev: 1, Len: 60
8:852  0:000    14. 9CFD5000: 'SSDT', '8096', Rev: 2, Len: 5329
8:852  0:000    15. 9CFD4000: 'SSDT', '8096', Rev: 2, Len: 1337
8:852  0:000    16. 9CFD3000: 'SSDT', '8096', Rev: 2, Len: 2932
8:852  0:000    17. 9CFCD000: 'SSDT', '8096', Rev: 2, Len: 23209
8:852  0:000    18. 9CFCC000: 'SSDT', '8096', Rev: 2, Len: 916
8:852  0:000    19. 9CFCB000: 'PCCT', '8096', Rev: 5, Len: 110
8:852  0:000    20. 9CFCA000: 'SSDT', '8096', Rev: 2, Len: 2756
8:852  0:000    21. 9CFC5000: 'SSDT', '8096', Rev: 1, Len: 14049
8:852  0:000    22. 9CFC4000: 'DMAR', '8096', Rev: 1, Len: 176
8:852  0:000    23. 9CFC3000: 'FPDT', 'SLIC-MPC', Rev: 1, Len: 68
8:852  0:000    24. 9CFC2000: 'BGRT', '8096', Rev: 1, Len: 56
12:757  3:905  BootVariable of the entry is empty
12:757  0:000  === [ StartLoader ] =======================================
12:757  0:000  Finally: ExternalClock=26MHz BusSpeed=100001kHz CPUFreq=2200MHz PIS: hw.busfrequency=104000000Hz
12:757  0:000  Loading boot.efi  status=Success
12:913  0:155  GetOSVersion: 10.14 (18A336e)
12:913  0:000  CSR_CFG: CSR_ALLOW_UNTRUSTED_KEXTS | CSR_ALLOW_UNRESTRICTED_FS | CSR_ALLOW_TASK_FOR_PID | CSR_ALLOW_UNRESTRICTED_DTRACE | CSR_ALLOW_UNRESTRICTED_NVRAM
12:913  0:000  Filtering KextPatches:
12:913  0:000   - [00]: AppleHDA (Patching 11d41984 with 10ec0290 codec (patched by AppleHDA Patcher.app)) :: BinPatch :: [OS: 10.14 | MatchOS: All | MatchBuild: All] ==> disabled by user
12:913  0:000   - [01]: AppleHDA (Zeroing 10ec0885 codec (patched by AppleHDA Patcher.app)) :: BinPatch :: [OS: 10.14 | MatchOS: All | MatchBuild: All] ==> disabled by user
12:913  0:000   - [02]: com.apple.driver.AppleBacklight (change F%uT%04x to F%uTxxxx in AppleBacklightInjector.kext (credit RehabMan)) :: BinPatch :: [OS: 10.14 | MatchOS: All | MatchBuild: All] ==> allowed
12:913  0:000   - [03]: com.apple.driver.AppleIntelBDWGraphicsFramebuffer (0x16260006,0x16260004/etc, 32MB BIOS, 19MB framebuffer, 9MB cursor bytes (credit RehabMan)) :: BinPatch :: [OS: 10.14 | MatchOS: All | MatchBuild: All] ==> allowed
12:913  0:000   - [04]: com.apple.driver.AppleIntelBDWGraphicsFramebuffer (HDMI-audio, port 0105, 0x16060000 0x160e0000 0x16160000 0x161e0000 0x16260000 0x162b0000 0x16220000) :: BinPatch :: [OS: 10.14 | MatchOS: All | MatchBuild: All] ==> disabled by user
12:913  0:000   - [05]: com.apple.driver.AppleIntelBDWGraphicsFramebuffer (HDMI-audio, port 0204, 0x16060000 0x160e0000 0x16160000 0x161e0000 0x16260000 0x162b0000 0x16220000) :: BinPatch :: [OS: 10.14 | MatchOS: All | MatchBuild: All] ==> disabled by user
12:913  0:000   - [06]: com.apple.driver.AppleIntelBDWGraphicsFramebuffer (HDMI-audio, port 0105, 0x160e0001 0x161e0001) :: BinPatch :: [OS: 10.14 | MatchOS: All | MatchBuild: All] ==> disabled by user
12:913  0:000   - [07]: com.apple.driver.AppleIntelBDWGraphicsFramebuffer (HDMI-audio, port 0105, 0x16060002 0x16060002 0x16160002 0x16260002 0x16220002 0x162b0002 0x162b0004 0x16260004 0x16220007 0x162b0008 0x16260008) :: BinPatch :: [OS: 10.14 | MatchOS: All | MatchBuild: All] ==> disabled by user
12:913  0:000   - [08]: com.apple.driver.AppleIntelBDWGraphicsFramebuffer (HDMI-audio, port 0204, 0x16060002 0x16060002 0x16160002 0x16260002 0x16220002 0x162b0002 0x162b0004 0x16260004 0x16220007 0x162b0008 0x16260008) :: BinPatch :: [OS: 10.14 | MatchOS: All | MatchBuild: All] ==> disabled by user
12:913  0:000   - [09]: com.apple.driver.AppleIntelBDWGraphicsFramebuffer (HDMI-audio, port 0204, 0x16060002 0x16060002 0x16160002 0x16260002 0x16220002 0x162b0002 0x162b0004 0x16260004 0x16220007 0x162b0008 0x16260008) :: BinPatch :: [OS: 10.14 | MatchOS: 10.11.6,10.12.x | MatchBuild: All] ==> disabled by user
12:913  0:000   - [10]: com.apple.driver.AppleIntelBDWGraphicsFramebuffer (HDMI-audio, port 0105, 0x16120003 0x16120005 0x16120006 0x16260006) :: BinPatch :: [OS: 10.14 | MatchOS: All | MatchBuild: All] ==> allowed
12:913  0:000   - [11]: com.apple.driver.AppleIntelBDWGraphicsFramebuffer (HDMI-audio, port 0204, 0x16120003 0x16120005 0x16120006 0x16260006) :: BinPatch :: [OS: 10.14 | MatchOS: All | MatchBuild: All] ==> disabled by user
12:913  0:000   - [12]: com.apple.driver.AppleIntelBDWGraphicsFramebuffer (HDMI-audio, port 0306, 0x16220007) :: BinPatch :: [OS: 10.14 | MatchOS: All | MatchBuild: All] ==> disabled by user
12:913  0:000   - [13]: com.apple.driver.AppleIntelBDWGraphicsFramebuffer (HDMI-audio, port 0204, 0x160e0001 0x161e0001 (1 of 2)) :: BinPatch :: [OS: 10.14 | MatchOS: All | MatchBuild: All] ==> disabled by user
12:913  0:000   - [14]: com.apple.driver.AppleIntelBDWGraphicsFramebuffer (HDMI-audio, port 0204, 0x160e0001 0x161e0001 (2 of 2)) :: BinPatch :: [OS: 10.14 | MatchOS: All | MatchBuild: All] ==> disabled by user
12:913  0:000   - [15]: com.apple.driver.usb.AppleUSBXHCI (disable port limit in XHCI kext (credit PMHeart)) :: BinPatch :: [OS: 10.14 | MatchOS: 10.14.x | MatchBuild: All] ==> disabled by user
12:913  0:000  Filtering KernelPatches:
12:913  0:000   - [00]: MSR 0xE2 _xcpm_idle instant reboot(c) Pike R. Alpha :: [OS: 10.14 | MatchOS: All | MatchBuild: no] ==> allowed by OS
12:913  0:000  Will not patch boot.efi
12:913  0:000  === [ PatchSmbios ] =======================================
12:913  0:000  insert table 9 for dev 0:0
12:913  0:000  insert table 9 for dev 0:0
12:914  0:000  Trusting SMBIOS...
12:914  0:000  Channels: 1
12:914  0:000  Interleave: 0 1 2 3 4 5 6 7 8 9 10 11 12 13 14 15 16 17 18 19 20 21 22 23
12:914  0:000   partNum=M471B1G73QH0-YK0  
12:914  0:000  SMBIOS Type 17 Index = 0 => 0 0:
12:914  0:000  BANK 0 DIMM0 1600MHz 8192MB
12:914  0:000  SMBIOS Type 17 Index = 1 => 1 1:
12:914  0:000  BANK 0 DIMM1 EMPTY
12:914  0:000  mTotalSystemMemory = 8192
12:914  0:000  NumberOfMemoryDevices = 2
12:914  0:000  Type20[0]->End = 0x7FFFFF, Type17[0] = 0x2000
12:914  0:000  Table 131 is present, CPUType=31
12:914  0:000  Change to: 606
12:914  0:000  === [ PatchACPI ] =========================================
12:914  0:000  Xsdt reallocation done
12:914  0:000  old FADT length=10C
12:914  0:000   SignatureFixup: 0x72C75974 -> 0x0
12:914  0:000  DSDT found in Clover volume OEM folder: EFI\CLOVER\ACPI\patched\DSDT.aml
12:929  0:015  Apply DsdtFixMask=0x00000000
12:929  0:000     drop _DSM mask=0xFFFF
12:929  0:000  === [ FixBiosDsdt ] =======================================
12:929  0:000  VideoCard devID=0x16168086
12:929  0:000  DisplayADR1[0] = 0x20000, DisplayADR2[0] = 0xFFFE
12:929  0:000  Audio HDA (addr:0x30000) setting specified layout-id=4 (0x4)
12:929  0:000  USBADR[0] = 0x140000 and PCIe = 0xFFFE
12:929  0:000  Audio HDA (addr:0x1B0000) setting specified layout-id=4 (0x4)
12:929  0:000  USBADR[1] = 0x1D0000 and PCIe = 0xFFFE
12:929  0:000  Patching DSDT:
12:929  0:000   - [change OSID to XSID (to avoid match against _OSI XOSI patch)]: disabled
12:929  0:000   - [change _OSI to XOSI]: disabled
12:929  0:000   - [change _DSM to XDSM]: disabled
12:929  0:000   - [change EC0 to EC]: pattern 4543305F, patched at: [ (2715) (1B) (3E) (14) (14) (14) (14) (14) (14) (14) (14) (1E) (30) (E) (3F) (14) (14) (14) (13) (27) (14) (14) (14) (14) (18) (1F) (10) (1B) (11) (26) (C) (22) (1F) (16) (1B) (24) (20) (1C) (17) (68) (16) (1B2) (13) (39) (13) (30) (13) (32) (10) (4C) (10) (6E) (11) (12) (47) (12) (AB) (10) (53) (10) (40) (11) (23) (10) (19) (46BA) (10) (1D) (10) (69F) (1475) (12) (44) (14) (1E) (17CE) (1C) (14) (20) (14) (20) (186) (24) (2B4) (33) (89) (14) (19) (18) (18) (B3) (49) (5B) (17) (31) (15) (24) (1C) (26) (18) (4A) (14) (CAD) (18) (2C) (15) (157) (16) (1E) (16) (DC) (16) (A7) (16) (4B) (16) (41) (16) (84) (15) (15) (3A) (1C) (18) (21) (17) (1C) (15) (19) (17) (1C) (15) (13) ]
12:930  0:000   - [change H_EC to EC]: disabled
12:930  0:000   - [change EHC1 to EH01]: pattern 45484331, patched at: [ (359D) (F64) (9F) (4D8A) (C) (24) (C) (4655) (5A) (5A) (B7) (5A) (5A) (9E) (5A) ]
12:930  0:000   - [change EHC2 to EH02]: pattern 45484332, patched at: [ (35B0) (125D) (65) (94EA) (5B) (94) (5A) (5A) (5A) ]
12:930  0:000   - [change GFX0 to IGPU]: pattern 47465830, patched at: [ (13A) (12) (12) (12) (12) (12) (12) (12) (24CF) (600F) (BA9) (F) (8) (1F2F) (32) (1B) (13) (19) (1873) (7FB) (14) (1169) (A16) (30) (16B) (607) ]
12:930  0:000   - [change B0D3 to HDAU]: pattern 42304433, patched at: [ (FC) (12) (24E2) (898B) (1D) (17) (F) ]
12:930  0:000   - [change SAT0 to SATA]: pattern 53415430, patched at: [ (76A7) (11B8) (5) (5BFA) (9FC) (35) (172) (1B) (21) (21) (21) (3AD) (29) (2E) (2E) (2E) (109) (D14) ]
12:930  0:000   - [change XHCI to XHC]: pattern 58484349, patched at: [ (94C) (4A6A) (6C) (3) (51) (3) ]
12:930  0:000    0 replacements
12:930  0:000  first CPU found at BF19 offset BF1C
12:930  0:000  score candidate at BF15
12:930  0:000  score inserted in acpi_cpu_score _PR_
12:930  0:000  Found ACPI CPU: CPU0 | CPU1 | CPU2 | CPU3 | CPU4 | CPU5 | CPU6 | CPU7 , within the score: _PR_
12:931  0:000  PreCleanup XSDT: count=25, length=236
12:931  0:000  PreCleanup XSDT, corrected XSDT: count=25, length=236
12:931  0:000  === [ ACPIPatchedAML ] ====================================
12:931  0:000  AutoMerge pass 1
12:931  0:000  Unsorted
12:931  0:000  Inserting SSDT-PNLF.aml from EFI\CLOVER\ACPI\patched: ignore on pass 1
12:931  0:000  Inserting SSDT-UIAC.aml from EFI\CLOVER\ACPI\patched: ignore on pass 1
12:931  0:000  Inserting SSDT-8.aml from EFI\CLOVER\ACPI\patched: size=14928 @21 ... Success
12:931  0:000  Disabled: SSDT.aml, skip
12:931  0:000  === [ ACPIDropTables ] ====================================
12:931  0:000  Drop tables from XSDT, SIGN=DMAR TableID=8096     Length=176
12:931  0:000   Table[22]: DMAR  8096      176 dropped
12:931  0:000  0. [change OSID to XSID (to avoid match against _OSI XOSI patch)]: disabled
12:931  0:000  1. [change _OSI to XOSI]: disabled
12:931  0:000  2. [change _DSM to XDSM]: disabled
12:931  0:000  3. [change EC0 to EC]: pattern 4543305F, patched at: [ (BC6) (19) (21) (26) (19) (21) (1A) (22) (1D) (26) (21) (36) (3A) (37) (37) (37) (43) (37) (37) (37) (37) (37) (37) (37) (37) (6D) (121) (4F) (7A) (4F) (4F) (36) (37) (37) (37) (37) (37) (37) (49) (99) (16) (16) (1E) (45) (16) (15) (16) (BC) (16) (1B4) (25) (15) (16) (15) (31C) (16) (16) (16) (105) (FF) (18) (15) (B03) (17) (17) (32) (87) (1C) (15) (49) (23) (7F) (15) (7F) (18) (27) (26) (2BE) (17) (16) (16) (14) (2C) (40) (22) (B3) (1D) (16) (14) (3F) (1F) (5B) (1D) (65) (18) (24) (EB) (19) (1D) (21) (20) (53) (16) (15) (16) (14) (15) ]
12:931  0:000  4. [change H_EC to EC]: disabled
12:931  0:000  5. [change EHC1 to EH01]: pattern 45484331, bin not found / already patched!
12:931  0:000  6. [change EHC2 to EH02]: pattern 45484332, bin not found / already patched!
12:931  0:000  7. [change GFX0 to IGPU]: pattern 47465830, patched at: [ (1804) (13) (1B) (13) (1A) (13) (2A) (13) (1B) (13) (1A) (13) (23) (120) (46) (6A) (13) (1B) (13) (1A) (13) (2A) (13) (1B) (13) (1A) (13) (23) ]
12:931  0:000  8. [change B0D3 to HDAU]: pattern 42304433, bin not found / already patched!
12:931  0:000  9. [change SAT0 to SATA]: pattern 53415430, bin not found / already patched!
12:931  0:000  10. [change XHCI to XHC]: pattern 58484349, bin not found / already patched!
12:931  0:000    0 replacements
12:931  0:000  Found OperationRegion(HNVS, SystemMemory, 9CFBA000, ...)
12:931  0:000  0. [change OSID to XSID (to avoid match against _OSI XOSI patch)]: disabled
12:931  0:000  1. [change _OSI to XOSI]: disabled
12:931  0:000  2. [change _DSM to XDSM]: disabled
12:931  0:000  3. [change EC0 to EC]: pattern 4543305F, patched at: [ (27F) (486) (D59) (23) (D51) (27) ]
12:931  0:000  4. [change H_EC to EC]: disabled
12:931  0:000  5. [change EHC1 to EH01]: pattern 45484331, bin not found / already patched!
12:931  0:000  6. [change EHC2 to EH02]: pattern 45484332, bin not found / already patched!
12:931  0:000  7. [change GFX0 to IGPU]: pattern 47465830, bin not found / already patched!
12:931  0:000  8. [change B0D3 to HDAU]: pattern 42304433, bin not found / already patched!
12:931  0:000  9. [change SAT0 to SATA]: pattern 53415430, bin not found / already patched!
12:931  0:000  10. [change XHCI to XHC]: pattern 58484349, bin not found / already patched!
12:931  0:000    0 replacements
12:931  0:000  0. [change OSID to XSID (to avoid match against _OSI XOSI patch)]: disabled
12:931  0:000  1. [change _OSI to XOSI]: disabled
12:931  0:000  2. [change _DSM to XDSM]: disabled
12:931  0:000  3. [change EC0 to EC]: pattern 4543305F, bin not found / already patched!
12:931  0:000  4. [change H_EC to EC]: disabled
12:931  0:000  5. [change EHC1 to EH01]: pattern 45484331, bin not found / already patched!
12:931  0:000  6. [change EHC2 to EH02]: pattern 45484332, bin not found / already patched!
12:931  0:000  7. [change GFX0 to IGPU]: pattern 47465830, bin not found / already patched!
12:931  0:000  8. [change B0D3 to HDAU]: pattern 42304433, bin not found / already patched!
12:931  0:000  9. [change SAT0 to SATA]: pattern 53415430, bin not found / already patched!
12:931  0:000  10. [change XHCI to XHC]: pattern 58484349, bin not found / already patched!
12:931  0:000    0 replacements
12:931  0:000  0. [change OSID to XSID (to avoid match against _OSI XOSI patch)]: disabled
12:931  0:000  1. [change _OSI to XOSI]: disabled
12:931  0:000  2. [change _DSM to XDSM]: disabled
12:931  0:000  3. [change EC0 to EC]: pattern 4543305F, bin not found / already patched!
12:931  0:000  4. [change H_EC to EC]: disabled
12:931  0:000  5. [change EHC1 to EH01]: pattern 45484331, bin not found / already patched!
12:931  0:000  6. [change EHC2 to EH02]: pattern 45484332, bin not found / already patched!
12:931  0:000  7. [change GFX0 to IGPU]: pattern 47465830, bin not found / already patched!
12:931  0:000  8. [change B0D3 to HDAU]: pattern 42304433, bin not found / already patched!
12:931  0:000  9. [change SAT0 to SATA]: pattern 53415430, bin not found / already patched!
12:931  0:000  10. [change XHCI to XHC]: pattern 58484349, bin not found / already patched!
12:931  0:000    0 replacements
12:931  0:000  0. [change OSID to XSID (to avoid match against _OSI XOSI patch)]: disabled
12:931  0:000  1. [change _OSI to XOSI]: disabled
12:931  0:000  2. [change _DSM to XDSM]: disabled
12:931  0:000  3. [change EC0 to EC]: pattern 4543305F, bin not found / already patched!
12:931  0:000  4. [change H_EC to EC]: disabled
12:931  0:000  5. [change EHC1 to EH01]: pattern 45484331, bin not found / already patched!
12:931  0:000  6. [change EHC2 to EH02]: pattern 45484332, bin not found / already patched!
12:931  0:000  7. [change GFX0 to IGPU]: pattern 47465830, bin not found / already patched!
12:931  0:000  8. [change B0D3 to HDAU]: pattern 42304433, bin not found / already patched!
12:931  0:000  9. [change SAT0 to SATA]: pattern 53415430, bin not found / already patched!
12:931  0:000  10. [change XHCI to XHC]: pattern 58484349, bin not found / already patched!
12:931  0:000    0 replacements
12:931  0:000  Found OperationRegion(PNVS, SystemMemory, 9CFBCF18, ...)
12:931  0:000  0. [change OSID to XSID (to avoid match against _OSI XOSI patch)]: disabled
12:931  0:000  1. [change _OSI to XOSI]: disabled
12:931  0:000  2. [change _DSM to XDSM]: disabled
12:931  0:000  3. [change EC0 to EC]: pattern 4543305F, bin not found / already patched!
12:931  0:000  4. [change H_EC to EC]: disabled
12:931  0:000  5. [change EHC1 to EH01]: pattern 45484331, bin not found / already patched!
12:932  0:000  6. [change EHC2 to EH02]: pattern 45484332, bin not found / already patched!
12:932  0:000  7. [change GFX0 to IGPU]: pattern 47465830, patched at: [ (100E) (199D) (B7D) (1D) ]
12:932  0:000  8. [change B0D3 to HDAU]: pattern 42304433, patched at: [ (8F4) (2AA4) (10) (F) (F) (F) (F) (73) ]
12:932  0:000  9. [change SAT0 to SATA]: pattern 53415430, bin not found / already patched!
12:932  0:000  10. [change XHCI to XHC]: pattern 58484349, bin not found / already patched!
12:932  0:000    0 replacements
12:932  0:000  Found OperationRegion(SANV, SystemMemory, 9CFB5E18, ...)
12:932  0:000  Found OperationRegion(CCDC, SystemMemory, 80000000, ...)
12:932  0:000  0. [change OSID to XSID (to avoid match against _OSI XOSI patch)]: disabled
12:932  0:000  1. [change _OSI to XOSI]: disabled
12:932  0:000  2. [change _DSM to XDSM]: disabled
12:932  0:000  3. [change EC0 to EC]: pattern 4543305F, bin not found / already patched!
12:932  0:000  4. [change H_EC to EC]: disabled
12:932  0:000  5. [change EHC1 to EH01]: pattern 45484331, bin not found / already patched!
12:932  0:000  6. [change EHC2 to EH02]: pattern 45484332, bin not found / already patched!
12:932  0:000  7. [change GFX0 to IGPU]: pattern 47465830, bin not found / already patched!
12:932  0:000  8. [change B0D3 to HDAU]: pattern 42304433, bin not found / already patched!
12:932  0:000  9. [change SAT0 to SATA]: pattern 53415430, bin not found / already patched!
12:932  0:000  10. [change XHCI to XHC]: pattern 58484349, bin not found / already patched!
12:932  0:000    0 replacements
12:932  0:000  0. [change OSID to XSID (to avoid match against _OSI XOSI patch)]: disabled
12:932  0:000  1. [change _OSI to XOSI]: disabled
12:932  0:000  2. [change _DSM to XDSM]: disabled
12:932  0:000  3. [change EC0 to EC]: pattern 4543305F, bin not found / already patched!
12:932  0:000  4. [change H_EC to EC]: disabled
12:932  0:000  5. [change EHC1 to EH01]: pattern 45484331, bin not found / already patched!
12:932  0:000  6. [change EHC2 to EH02]: pattern 45484332, bin not found / already patched!
12:932  0:000  7. [change GFX0 to IGPU]: pattern 47465830, bin not found / already patched!
12:932  0:000  8. [change B0D3 to HDAU]: pattern 42304433, bin not found / already patched!
12:932  0:000  9. [change SAT0 to SATA]: pattern 53415430, bin not found / already patched!
12:932  0:000  10. [change XHCI to XHC]: pattern 58484349, bin not found / already patched!
12:932  0:000    0 replacements
12:932  0:000  0. [change OSID to XSID (to avoid match against _OSI XOSI patch)]: disabled
12:932  0:000  1. [change _OSI to XOSI]: disabled
12:932  0:000  2. [change _DSM to XDSM]: disabled
12:932  0:000  3. [change EC0 to EC]: pattern 4543305F, patched at: [ (272) (16) (16) (16) (827) (C7) (936) (7AE) (16) (17) (EF) ]
12:932  0:000  4. [change H_EC to EC]: disabled
12:932  0:000  5. [change EHC1 to EH01]: pattern 45484331, bin not found / already patched!
12:932  0:000  6. [change EHC2 to EH02]: pattern 45484332, bin not found / already patched!
12:932  0:000  7. [change GFX0 to IGPU]: pattern 47465830, patched at: [ (FC) (E) (12) (12) (12) (12) (12) (12) (12) (12) (12) (12) (12) (12) (12) (12) (12) (385) (50) (94A) (626) (DF0) (13) (28) (27) (13) (28) (27) (13) (28) (27) (13) (28) (27) (13) (28) (27) (13) (28) (27) (13) (28) (27) (13) (28) (27) (13) (28) (27) (13) (28) (27) (13) (28) (27) (13) (28) (27) (13) (28) (27) (13) (28) (27) (13) (28) (27) (13) (28) ]
12:932  0:000  8. [change B0D3 to HDAU]: pattern 42304433, bin not found / already patched!
12:932  0:000  9. [change SAT0 to SATA]: pattern 53415430, bin not found / already patched!
12:932  0:000  10. [change XHCI to XHC]: pattern 58484349, bin not found / already patched!
12:932  0:000    0 replacements
12:932  0:000  Found OperationRegion(VBOR, SystemMemory, 9CF40018, ...)
12:932  0:000  Found OperationRegion(SGOP, SystemMemory, 9CDBDF98, ...)
12:932  0:000  Found OperationRegion(NOPR, SystemMemory, 9CFAF018, ...)
12:932  0:000  === [ ACPIPatchedAML ] ====================================
12:932  0:000  AutoMerge pass 2
12:932  0:000  Unsorted
12:932  0:000  Inserting SSDT-PNLF.aml from EFI\CLOVER\ACPI\patched: size=820 ... Success
12:939  0:007  Inserting SSDT-UIAC.aml from EFI\CLOVER\ACPI\patched: size=585 ... Success
12:939  0:000  CPUBase=0 and ApicCPUBase=1 ApicCPUNum=8
12:939  0:000  Maximum control=0x16
12:939  0:000  Turbo control=0x1B
12:939  0:000  P-States: min 0x5, max 0x1B
12:939  0:000  SSDT with plugin-type without P-States is generated
12:939  0:000  Cleanup XSDT: count=28, length=260
12:939  0:000  corrected XSDT count=27, length=252
12:939  0:000  === [ RestSetup macOS ] ===================================
12:939  0:000  EdidDiscovered size=128
12:939  0:000  --- Discovered EDID Table size:128
12:939  0:000  000  |  00  FF  FF  FF  FF  FF  FF  00  09  E5
12:939  0:000  010  |  41  06  00  00  00  00  01  18  01  04
12:939  0:000  020  |  A5  22  13  78  02  F6  A0  99  59  51
12:939  0:000  030  |  94  2D  1F  50  54  00  00  00  01  01
12:939  0:000  040  |  01  01  01  01  01  01  01  01  01  01
12:939  0:000  050  |  01  01  01  01  3C  3C  80  02  71  38
12:939  0:000  060  |  64  40  30  20  36  00  58  C1  10  00
12:939  0:000  070  |  00  1A  D2  24  80  DE  70  38  14  40
12:939  0:000  080  |  64  64  44  05  58  C1  10  00  00  1A
12:939  0:000  090  |  00  00  00  00  00  00  00  00  00  00
12:939  0:000  100  |  00  00  00  00  00  00  00  00  00  00
12:939  0:000  110  |  00  02  00  0C  43  F9  0B  3C  6E  1E
12:939  0:000  120  |  16  28  6F  00  00  00  00  74
12:939  0:000  add device: PciRoot(0x0)/Pci(0x2,0x0)
12:939  0:000     Add key=framebuffer-unifiedmem valuelen=4
12:939  0:000     Add key=framebuffer-stolenmem valuelen=4
12:939  0:000     Add key=framebuffer-patch-enable valuelen=4
12:939  0:000     Add key=framebuffer-fbmem valuelen=4
12:939  0:000     Add key=AAPL,ig-platform-id valuelen=4
12:939  0:000  Intel HD Graphics 5500 [8086:1616] :: PciRoot(0x0)\Pci(0x2,0x0)
12:939  0:000    Found Full HD Display - 16:9 :: Width=1920 Height=1080
12:939  0:000    Additional Intel GFX properties injected, continue
12:939  0:000    Beginning DualLink auto-detection
12:939  0:000    High Resolution Display
12:939  0:000    AAPL00,DualLink = 1
12:939  0:000    FakeID Intel GFX: not set
12:939  0:000    ig-platform-id = 0x16260006
12:939  0:000    Beginning Intel GFX auto-detection with ACPI injection
12:939  0:000    Found FakeID Intel GFX = 0x16168086
12:939  0:000  Intel GFX revision  = 0x9
12:939  0:000   setting specified layout-id=4 (0x4)
12:939  0:000   setting specified layout-id=4 (0x4)
12:940  0:000  stringlength = 3460
12:940  0:000  CurrentMode: Width=1920 Height=1080
12:940  0:000  Beginning FSInjection
FSInjectionInstall ...
- Our FSI_SIMPLE_FILE_SYSTEM_PROTOCOL installed on handle: 8E2F9E98
FSInjectionInstall ...
- Our FSI_SIMPLE_FILE_SYSTEM_PROTOCOL installed on handle: 8E2F9E98
12:950  0:010  Use origin smbios table type 1 guid.
12:951  0:000  Preparing kexts injection for arch=x86_64 from EFI\CLOVER\kexts\Other
12:951  0:000  Extra kext: EFI\CLOVER\kexts\Other\AppleBacklightInjector.kext (v.0.9.0)
12:956  0:005  Extra kext: EFI\CLOVER\kexts\Other\FakeSMC_LPCSensors.kext (v.1787)
13:033  0:076  Extra kext: EFI\CLOVER\kexts\Other\FakeSMC_GPUSensors.kext (v.1787)
13:046  0:013  Extra kext: EFI\CLOVER\kexts\Other\FakeSMC_CPUSensors.kext (v.1787)
13:057  0:010  Extra kext: EFI\CLOVER\kexts\Other\FakeSMC_ACPISensors.kext (v.1787)
13:073  0:015  Extra kext: EFI\CLOVER\kexts\Other\RealtekRTL8100.kext (v.2.0.0)
13:101  0:028  Extra kext: EFI\CLOVER\kexts\Other\VoodooPS2Controller.kext (v.1.8.34)
13:120  0:019    |-- PlugIn kext: EFI\CLOVER\kexts\Other\VoodooPS2Controller.kext\Contents\PlugIns\VoodooPS2Trackpad.kext (v.1.8.34)
13:151  0:031    |-- PlugIn kext: EFI\CLOVER\kexts\Other\VoodooPS2Controller.kext\Contents\PlugIns\VoodooPS2Mouse.kext (v.1.8.34)
13:178  0:027    |-- PlugIn kext: EFI\CLOVER\kexts\Other\VoodooPS2Controller.kext\Contents\PlugIns\VoodooPS2Keyboard.kext (v.1.8.34)
13:211  0:032  Extra kext: EFI\CLOVER\kexts\Other\USBInjectAll.kext (v.0.6.6)
14:014  0:803  Extra kext: EFI\CLOVER\kexts\Other\Lilu.kext (v.1.2.5)
14:032  0:017  Extra kext: EFI\CLOVER\kexts\Other\WhateverGreen.kext (v.1.2.0)
14:049  0:017  Extra kext: EFI\CLOVER\kexts\Other\FakeSMC.kext (v.1787)
14:083  0:033  Extra kext: EFI\CLOVER\kexts\Other\ACPIBatteryManager.kext (v.1.81.4)
14:122  0:038  Extra kext: EFI\CLOVER\kexts\Other\AppleALC.kext (v.1.3.0)
14:964  0:841    |-- PlugIn kext: EFI\CLOVER\kexts\Other\AppleALC.kext\Contents\PlugIns\PinConfigs.kext (v.1.0.0)
15:581  0:616  SetScreenResolution: 1920x1080 - already set
15:581  0:000  Custom boot is disabled
15:581  0:000  Closing log
