<?xml version="1.0" encoding="UTF-8"?>
<payload>
   <element name="Application" type="Description" sequence-id="1">
      <attribute name="a0" value="HPAdvSysDiag_Mouse"/>
      <attribute name="a1" value="6.0.2.0"/>
      <attribute name="a2" value="2"/>
      <attribute name="p1" value="08/18/2016"/>
      <attribute name="p2" value="F.82"/>
      <attribute name="p3" value="89.33"/>
      <attribute name="p5" value=""/>
      <attribute name="p15" value="2"/>
      <attribute name="p16" value="0"/>
      <attribute name="p17" value="0"/>
      <attribute name="p20" value="00000001"/>
      <attribute name="p4" value="1"/>
      <attribute name="p0" value="2018-02-17 17:27:05"/>
      <attribute name="p10" value="0"/>
      <attribute name="d20" value="401"/>
      <attribute name="a4" value="00.00.00.13"/>
      <attribute name="d0" value="1"/>
   </element>
   <element name="Application" type="Description" sequence-id="2">
      <attribute name="a0" value="HPAdvSysDiag_Mouse"/>
      <attribute name="a1" value="6.0.2.0"/>
      <attribute name="a2" value="2"/>
      <attribute name="p1" value="08/18/2016"/>
      <attribute name="p2" value="F.82"/>
      <attribute name="p3" value="89.33"/>
      <attribute name="p5" value=""/>
      <attribute name="p15" value="2"/>
      <attribute name="p16" value="0"/>
      <attribute name="p17" value="0"/>
      <attribute name="p20" value="00000001"/>
      <attribute name="p4" value="1"/>
      <attribute name="p0" value="2018-02-17 17:27:22"/>
      <attribute name="p10" value="0"/>
      <attribute name="d20" value="401"/>
      <attribute name="a4" value="00.00.00.19"/>
      <attribute name="d0" value="1"/>
   </element>
   <element name="Application" type="Description" sequence-id="3">
      <attribute name="a0" value="HPAdvSysDiag_Mouse"/>
      <attribute name="a1" value="6.0.2.0"/>
      <attribute name="a2" value="2"/>
      <attribute name="p1" value="08/18/2016"/>
      <attribute name="p2" value="F.82"/>
      <attribute name="p3" value="89.33"/>
      <attribute name="p5" value=""/>
      <attribute name="p15" value="2"/>
      <attribute name="p16" value="0"/>
      <attribute name="p17" value="0"/>
      <attribute name="p20" value="00000001"/>
      <attribute name="p4" value="1"/>
      <attribute name="p0" value="2018-02-17 17:28:00"/>
      <attribute name="p10" value="0"/>
      <attribute name="d30" value="E01"/>
      <attribute name="a4" value="00.00.02.38"/>
      <attribute name="d0" value="1"/>
   </element>
   <element name="Application" type="Description" sequence-id="4">
      <attribute name="a0" value="HPAdvSysDiag_Mouse"/>
      <attribute name="a1" value="6.0.2.0"/>
      <attribute name="a2" value="2"/>
      <attribute name="p1" value="08/18/2016"/>
      <attribute name="p2" value="F.82"/>
      <attribute name="p3" value="89.33"/>
      <attribute name="p5" value=""/>
      <attribute name="p15" value="2"/>
      <attribute name="p16" value="0"/>
      <attribute name="p17" value="0"/>
      <attribute name="p20" value="00000001"/>
      <attribute name="p4" value="1"/>
      <attribute name="p0" value="2018-02-17 17:31:10"/>
      <attribute name="p10" value="0"/>
      <attribute name="d20" value="402"/>
      <attribute name="a4" value="00.00.00.11"/>
      <attribute name="d0" value="2"/>
   </element>
   <element name="Application" type="Description" sequence-id="5">
      <attribute name="a0" value="HPAdvSysDiag_Mouse"/>
      <attribute name="a1" value="6.0.2.0"/>
      <attribute name="a2" value="2"/>
      <attribute name="p1" value="08/18/2016"/>
      <attribute name="p2" value="F.82"/>
      <attribute name="p3" value="89.33"/>
      <attribute name="p5" value=""/>
      <attribute name="p15" value="2"/>
      <attribute name="p16" value="0"/>
      <attribute name="p17" value="0"/>
      <attribute name="p20" value="00000001"/>
      <attribute name="p4" value="1"/>
      <attribute name="p0" value="2018-02-17 17:31:36"/>
      <attribute name="p10" value="0"/>
      <attribute name="d20" value="403"/>
      <attribute name="a4" value="00.00.00.01"/>
      <attribute name="d0" value="3"/>
      <attribute name="z0" value="M8FRVS-7P291G-MFPWMG-G27503"/>
      <attribute name="e0" value="808"/>
   </element>
   <element name="Application" type="Description" sequence-id="6">
      <attribute name="a0" value="HPAdvSysDiag_Mouse"/>
      <attribute name="a1" value="6.0.2.0"/>
      <attribute name="a2" value="2"/>
      <attribute name="p1" value="08/18/2016"/>
      <attribute name="p2" value="F.82"/>
      <attribute name="p3" value="89.33"/>
      <attribute name="p5" value=""/>
      <attribute name="p15" value="2"/>
      <attribute name="p16" value="0"/>
      <attribute name="p17" value="0"/>
      <attribute name="p20" value="00000001"/>
      <attribute name="p4" value="1"/>
      <attribute name="p0" value="2018-02-17 17:31:47"/>
      <attribute name="p10" value="0"/>
      <attribute name="d20" value="401"/>
      <attribute name="a4" value="00.00.00.15"/>
      <attribute name="d0" value="1"/>
   </element>
   <element name="Application" type="Description" sequence-id="7">
      <attribute name="a0" value="HPAdvSysDiag_WirelessModule"/>
      <attribute name="a1" value="6.0.2.0"/>
      <attribute name="a2" value="2"/>
      <attribute name="p1" value="08/18/2016"/>
      <attribute name="p2" value="F.82"/>
      <attribute name="p3" value="89.33"/>
      <attribute name="p5" value=""/>
      <attribute name="p15" value="2"/>
      <attribute name="p16" value="0"/>
      <attribute name="p17" value="0"/>
      <attribute name="p20" value="00000001"/>
      <attribute name="p4" value="1"/>
      <attribute name="p0" value="2018-02-17 17:32:23"/>
      <attribute name="p10" value="0"/>
      <attribute name="d11" value="B1"/>
      <attribute name="a4" value="00.00.00.00"/>
      <attribute name="d0" value="1"/>
   </element>
</payload>
